APP/MIMO/build/Qt_6_8_0_Clang_arm64_v8a-Debug/android-build-appMIMO/build/intermediates/manifest_merge_blame_file/debug/processDebugMainManifest/manifest-merger-blame-debug-report.txt
1<?xml version="1.0" encoding="utf-8"?>
2<manifest xmlns:android="http://schemas.android.com/apk/res/android"
3    package="org.qtproject.example.appMIMO"
4    android:installLocation="auto"
5    android:versionCode="1"
6    android:versionName="1.0" >
7
8    <uses-sdk
9        android:minSdkVersion="28"
10        android:targetSdkVersion="34" />
11
12    <uses-permission android:name="android.permission.INTERNET" />
12-->Qt_6_8_0_Clang_arm64_v8a-Debug\android-build-appMIMO\AndroidManifest.xml:3:5-67
12-->Qt_6_8_0_Clang_arm64_v8a-Debug\android-build-appMIMO\AndroidManifest.xml:3:22-64
13    <uses-permission android:name="android.permission.WRITE_EXTERNAL_STORAGE" />
13-->Qt_6_8_0_Clang_arm64_v8a-Debug\android-build-appMIMO\AndroidManifest.xml:4:5-81
13-->Qt_6_8_0_Clang_arm64_v8a-Debug\android-build-appMIMO\AndroidManifest.xml:4:22-78
14    <uses-permission android:name="android.permission.ACCESS_NETWORK_STATE" />
14-->Qt_6_8_0_Clang_arm64_v8a-Debug\android-build-appMIMO\AndroidManifest.xml:5:5-79
14-->Qt_6_8_0_Clang_arm64_v8a-Debug\android-build-appMIMO\AndroidManifest.xml:5:22-76
15    <uses-permission android:name="android.permission.ACCESS_FINE_LOCATION" />
15-->Qt_6_8_0_Clang_arm64_v8a-Debug\android-build-appMIMO\AndroidManifest.xml:6:5-79
15-->Qt_6_8_0_Clang_arm64_v8a-Debug\android-build-appMIMO\AndroidManifest.xml:6:22-76
16    <uses-permission android:name="android.permission.BLUETOOTH" />
16-->Qt_6_8_0_Clang_arm64_v8a-Debug\android-build-appMIMO\AndroidManifest.xml:7:5-68
16-->Qt_6_8_0_Clang_arm64_v8a-Debug\android-build-appMIMO\AndroidManifest.xml:7:22-65
17    <uses-permission android:name="android.permission.BLUETOOTH_ADMIN" />
17-->Qt_6_8_0_Clang_arm64_v8a-Debug\android-build-appMIMO\AndroidManifest.xml:8:5-74
17-->Qt_6_8_0_Clang_arm64_v8a-Debug\android-build-appMIMO\AndroidManifest.xml:8:22-71
18    <uses-permission android:name="android.permission.BLUETOOTH_SCAN" />
18-->Qt_6_8_0_Clang_arm64_v8a-Debug\android-build-appMIMO\AndroidManifest.xml:9:5-73
18-->Qt_6_8_0_Clang_arm64_v8a-Debug\android-build-appMIMO\AndroidManifest.xml:9:22-70
19    <uses-permission android:name="android.permission.BLUETOOTH_ADVERTISE" />
19-->Qt_6_8_0_Clang_arm64_v8a-Debug\android-build-appMIMO\AndroidManifest.xml:10:5-78
19-->Qt_6_8_0_Clang_arm64_v8a-Debug\android-build-appMIMO\AndroidManifest.xml:10:22-75
20    <uses-permission android:name="android.permission.BLUETOOTH_CONNECT" />
20-->Qt_6_8_0_Clang_arm64_v8a-Debug\android-build-appMIMO\AndroidManifest.xml:11:5-76
20-->Qt_6_8_0_Clang_arm64_v8a-Debug\android-build-appMIMO\AndroidManifest.xml:11:22-73
21    <uses-permission android:name="android.permission.CAMERA" />
21-->Qt_6_8_0_Clang_arm64_v8a-Debug\android-build-appMIMO\AndroidManifest.xml:12:5-65
21-->Qt_6_8_0_Clang_arm64_v8a-Debug\android-build-appMIMO\AndroidManifest.xml:12:22-62
22    <uses-permission android:name="android.permission.RECORD_AUDIO" />
22-->Qt_6_8_0_Clang_arm64_v8a-Debug\android-build-appMIMO\AndroidManifest.xml:13:5-71
22-->Qt_6_8_0_Clang_arm64_v8a-Debug\android-build-appMIMO\AndroidManifest.xml:13:22-68
23    <uses-permission android:name="android.permission.MODIFY_AUDIO_SETTINGS" />
23-->Qt_6_8_0_Clang_arm64_v8a-Debug\android-build-appMIMO\AndroidManifest.xml:14:5-80
23-->Qt_6_8_0_Clang_arm64_v8a-Debug\android-build-appMIMO\AndroidManifest.xml:14:22-77
24
25    <supports-screens
25-->Qt_6_8_0_Clang_arm64_v8a-Debug\android-build-appMIMO\AndroidManifest.xml:16:5-135
26        android:anyDensity="true"
26-->Qt_6_8_0_Clang_arm64_v8a-Debug\android-build-appMIMO\AndroidManifest.xml:16:23-48
27        android:largeScreens="true"
27-->Qt_6_8_0_Clang_arm64_v8a-Debug\android-build-appMIMO\AndroidManifest.xml:16:49-76
28        android:normalScreens="true"
28-->Qt_6_8_0_Clang_arm64_v8a-Debug\android-build-appMIMO\AndroidManifest.xml:16:77-105
29        android:smallScreens="true" />
29-->Qt_6_8_0_Clang_arm64_v8a-Debug\android-build-appMIMO\AndroidManifest.xml:16:106-133
30
31    <uses-permission android:name="android.permission.CAMERA" />
31-->Qt_6_8_0_Clang_arm64_v8a-Debug\android-build-appMIMO\AndroidManifest.xml:12:5-65
31-->Qt_6_8_0_Clang_arm64_v8a-Debug\android-build-appMIMO\AndroidManifest.xml:12:22-62
32    <uses-permission android:name="android.permission.BLUETOOTH_ADMIN" />
32-->Qt_6_8_0_Clang_arm64_v8a-Debug\android-build-appMIMO\AndroidManifest.xml:8:5-74
32-->Qt_6_8_0_Clang_arm64_v8a-Debug\android-build-appMIMO\AndroidManifest.xml:8:22-71
33    <uses-permission android:name="android.permission.ACCESS_FINE_LOCATION" />
33-->Qt_6_8_0_Clang_arm64_v8a-Debug\android-build-appMIMO\AndroidManifest.xml:6:5-79
33-->Qt_6_8_0_Clang_arm64_v8a-Debug\android-build-appMIMO\AndroidManifest.xml:6:22-76
34    <uses-permission android:name="android.permission.ACCESS_COARSE_LOCATION" />
34-->Qt_6_8_0_Clang_arm64_v8a-Debug\android-build-appMIMO\AndroidManifest.xml:34:5-80
34-->Qt_6_8_0_Clang_arm64_v8a-Debug\android-build-appMIMO\AndroidManifest.xml:34:22-78
35    <uses-permission android:name="android.permission.RECORD_AUDIO" />
35-->Qt_6_8_0_Clang_arm64_v8a-Debug\android-build-appMIMO\AndroidManifest.xml:13:5-71
35-->Qt_6_8_0_Clang_arm64_v8a-Debug\android-build-appMIMO\AndroidManifest.xml:13:22-68
36    <uses-permission android:name="android.permission.BLUETOOTH" />
36-->Qt_6_8_0_Clang_arm64_v8a-Debug\android-build-appMIMO\AndroidManifest.xml:7:5-68
36-->Qt_6_8_0_Clang_arm64_v8a-Debug\android-build-appMIMO\AndroidManifest.xml:7:22-65
37    <uses-permission android:name="android.permission.BLUETOOTH_CONNECT" />
37-->Qt_6_8_0_Clang_arm64_v8a-Debug\android-build-appMIMO\AndroidManifest.xml:11:5-76
37-->Qt_6_8_0_Clang_arm64_v8a-Debug\android-build-appMIMO\AndroidManifest.xml:11:22-73
38    <uses-permission android:name="android.permission.BLUETOOTH_SCAN" />
38-->Qt_6_8_0_Clang_arm64_v8a-Debug\android-build-appMIMO\AndroidManifest.xml:9:5-73
38-->Qt_6_8_0_Clang_arm64_v8a-Debug\android-build-appMIMO\AndroidManifest.xml:9:22-70
39    <uses-permission android:name="android.permission.BLUETOOTH_ADVERTISE" />
39-->Qt_6_8_0_Clang_arm64_v8a-Debug\android-build-appMIMO\AndroidManifest.xml:10:5-78
39-->Qt_6_8_0_Clang_arm64_v8a-Debug\android-build-appMIMO\AndroidManifest.xml:10:22-75
40    <uses-permission android:name="android.permission.INTERNET" />
40-->Qt_6_8_0_Clang_arm64_v8a-Debug\android-build-appMIMO\AndroidManifest.xml:3:5-67
40-->Qt_6_8_0_Clang_arm64_v8a-Debug\android-build-appMIMO\AndroidManifest.xml:3:22-64
41
42    <permission
42-->[androidx.core:core:1.13.1] AndroidManifest.xml:22:5-24:47
43        android:name="org.qtproject.example.appMIMO.DYNAMIC_RECEIVER_NOT_EXPORTED_PERMISSION"
43-->[androidx.core:core:1.13.1] AndroidManifest.xml:23:9-81
44        android:protectionLevel="signature" />
44-->[androidx.core:core:1.13.1] AndroidManifest.xml:24:9-44
45
46    <uses-permission android:name="org.qtproject.example.appMIMO.DYNAMIC_RECEIVER_NOT_EXPORTED_PERMISSION" />
46-->[androidx.core:core:1.13.1] AndroidManifest.xml:26:5-97
46-->[androidx.core:core:1.13.1] AndroidManifest.xml:26:22-94
47
48    <application
48-->Qt_6_8_0_Clang_arm64_v8a-Debug\android-build-appMIMO\AndroidManifest.xml:17:5-30:19
49        android:name="org.qtproject.qt.android.bindings.QtApplication"
49-->Qt_6_8_0_Clang_arm64_v8a-Debug\android-build-appMIMO\AndroidManifest.xml:17:18-80
50        android:allowBackup="true"
50-->Qt_6_8_0_Clang_arm64_v8a-Debug\android-build-appMIMO\AndroidManifest.xml:17:184-210
51        android:appComponentFactory="androidx.core.app.CoreComponentFactory"
51-->[androidx.core:core:1.13.1] AndroidManifest.xml:28:18-86
52        android:debuggable="true"
53        android:extractNativeLibs="true"
54        android:fullBackupOnly="false"
54-->Qt_6_8_0_Clang_arm64_v8a-Debug\android-build-appMIMO\AndroidManifest.xml:17:211-241
55        android:hardwareAccelerated="true"
55-->Qt_6_8_0_Clang_arm64_v8a-Debug\android-build-appMIMO\AndroidManifest.xml:17:81-115
56        android:label="appMIMO"
56-->Qt_6_8_0_Clang_arm64_v8a-Debug\android-build-appMIMO\AndroidManifest.xml:17:116-139
57        android:requestLegacyExternalStorage="true" >
57-->Qt_6_8_0_Clang_arm64_v8a-Debug\android-build-appMIMO\AndroidManifest.xml:17:140-183
58        <activity
58-->Qt_6_8_0_Clang_arm64_v8a-Debug\android-build-appMIMO\AndroidManifest.xml:18:9-25:20
59            android:name="org.qtproject.qt.android.bindings.QtActivity"
59-->Qt_6_8_0_Clang_arm64_v8a-Debug\android-build-appMIMO\AndroidManifest.xml:18:19-78
60            android:configChanges="orientation|uiMode|screenLayout|screenSize|smallestScreenSize|layoutDirection|locale|fontScale|keyboard|keyboardHidden|navigation|mcc|mnc|density"
60-->Qt_6_8_0_Clang_arm64_v8a-Debug\android-build-appMIMO\AndroidManifest.xml:18:79-248
61            android:exported="true"
61-->Qt_6_8_0_Clang_arm64_v8a-Debug\android-build-appMIMO\AndroidManifest.xml:18:320-343
62            android:label=""
62-->Qt_6_8_0_Clang_arm64_v8a-Debug\android-build-appMIMO\AndroidManifest.xml:18:344-360
63            android:launchMode="singleTop"
63-->Qt_6_8_0_Clang_arm64_v8a-Debug\android-build-appMIMO\AndroidManifest.xml:18:249-279
64            android:screenOrientation="unspecified" >
64-->Qt_6_8_0_Clang_arm64_v8a-Debug\android-build-appMIMO\AndroidManifest.xml:18:280-319
65            <intent-filter>
65-->Qt_6_8_0_Clang_arm64_v8a-Debug\android-build-appMIMO\AndroidManifest.xml:19:13-22:29
66                <action android:name="android.intent.action.MAIN" />
66-->Qt_6_8_0_Clang_arm64_v8a-Debug\android-build-appMIMO\AndroidManifest.xml:20:17-68
66-->Qt_6_8_0_Clang_arm64_v8a-Debug\android-build-appMIMO\AndroidManifest.xml:20:25-66
67
68                <category android:name="android.intent.category.LAUNCHER" />
68-->Qt_6_8_0_Clang_arm64_v8a-Debug\android-build-appMIMO\AndroidManifest.xml:21:17-76
68-->Qt_6_8_0_Clang_arm64_v8a-Debug\android-build-appMIMO\AndroidManifest.xml:21:27-74
69            </intent-filter>
70
71            <meta-data
71-->Qt_6_8_0_Clang_arm64_v8a-Debug\android-build-appMIMO\AndroidManifest.xml:23:13-85
72                android:name="android.app.lib_name"
72-->Qt_6_8_0_Clang_arm64_v8a-Debug\android-build-appMIMO\AndroidManifest.xml:23:24-59
73                android:value="appMIMO" />
73-->Qt_6_8_0_Clang_arm64_v8a-Debug\android-build-appMIMO\AndroidManifest.xml:23:60-83
74            <meta-data
74-->Qt_6_8_0_Clang_arm64_v8a-Debug\android-build-appMIMO\AndroidManifest.xml:24:13-79
75                android:name="android.app.arguments"
75-->Qt_6_8_0_Clang_arm64_v8a-Debug\android-build-appMIMO\AndroidManifest.xml:24:24-60
76                android:value="" />
76-->Qt_6_8_0_Clang_arm64_v8a-Debug\android-build-appMIMO\AndroidManifest.xml:24:61-77
77        </activity>
78
79        <provider
80            android:name="androidx.core.content.FileProvider"
80-->Qt_6_8_0_Clang_arm64_v8a-Debug\android-build-appMIMO\AndroidManifest.xml:27:19-68
81            android:authorities="org.qtproject.example.appMIMO.qtprovider"
81-->Qt_6_8_0_Clang_arm64_v8a-Debug\android-build-appMIMO\AndroidManifest.xml:27:69-118
82            android:exported="false"
82-->Qt_6_8_0_Clang_arm64_v8a-Debug\android-build-appMIMO\AndroidManifest.xml:27:119-143
83            android:grantUriPermissions="true" >
83-->Qt_6_8_0_Clang_arm64_v8a-Debug\android-build-appMIMO\AndroidManifest.xml:27:144-178
84            <meta-data
84-->Qt_6_8_0_Clang_arm64_v8a-Debug\android-build-appMIMO\AndroidManifest.xml:28:13-117
85                android:name="android.support.FILE_PROVIDER_PATHS"
85-->Qt_6_8_0_Clang_arm64_v8a-Debug\android-build-appMIMO\AndroidManifest.xml:28:24-74
86                android:resource="@xml/qtprovider_paths" />
86-->Qt_6_8_0_Clang_arm64_v8a-Debug\android-build-appMIMO\AndroidManifest.xml:28:75-115
87        </provider>
88        <provider
88-->[androidx.profileinstaller:profileinstaller:1.3.0] AndroidManifest.xml:24:9-32:20
89            android:name="androidx.startup.InitializationProvider"
89-->[androidx.profileinstaller:profileinstaller:1.3.0] AndroidManifest.xml:25:13-67
90            android:authorities="org.qtproject.example.appMIMO.androidx-startup"
90-->[androidx.profileinstaller:profileinstaller:1.3.0] AndroidManifest.xml:26:13-68
91            android:exported="false" >
91-->[androidx.profileinstaller:profileinstaller:1.3.0] AndroidManifest.xml:27:13-37
92            <meta-data
92-->[androidx.profileinstaller:profileinstaller:1.3.0] AndroidManifest.xml:29:13-31:52
93                android:name="androidx.profileinstaller.ProfileInstallerInitializer"
93-->[androidx.profileinstaller:profileinstaller:1.3.0] AndroidManifest.xml:30:17-85
94                android:value="androidx.startup" />
94-->[androidx.profileinstaller:profileinstaller:1.3.0] AndroidManifest.xml:31:17-49
95        </provider>
96
97        <receiver
97-->[androidx.profileinstaller:profileinstaller:1.3.0] AndroidManifest.xml:34:9-52:20
98            android:name="androidx.profileinstaller.ProfileInstallReceiver"
98-->[androidx.profileinstaller:profileinstaller:1.3.0] AndroidManifest.xml:35:13-76
99            android:directBootAware="false"
99-->[androidx.profileinstaller:profileinstaller:1.3.0] AndroidManifest.xml:36:13-44
100            android:enabled="true"
100-->[androidx.profileinstaller:profileinstaller:1.3.0] AndroidManifest.xml:37:13-35
101            android:exported="true"
101-->[androidx.profileinstaller:profileinstaller:1.3.0] AndroidManifest.xml:38:13-36
102            android:permission="android.permission.DUMP" >
102-->[androidx.profileinstaller:profileinstaller:1.3.0] AndroidManifest.xml:39:13-57
103            <intent-filter>
103-->[androidx.profileinstaller:profileinstaller:1.3.0] AndroidManifest.xml:40:13-42:29
104                <action android:name="androidx.profileinstaller.action.INSTALL_PROFILE" />
104-->[androidx.profileinstaller:profileinstaller:1.3.0] AndroidManifest.xml:41:17-91
104-->[androidx.profileinstaller:profileinstaller:1.3.0] AndroidManifest.xml:41:25-88
105            </intent-filter>
106            <intent-filter>
106-->[androidx.profileinstaller:profileinstaller:1.3.0] AndroidManifest.xml:43:13-45:29
107                <action android:name="androidx.profileinstaller.action.SKIP_FILE" />
107-->[androidx.profileinstaller:profileinstaller:1.3.0] AndroidManifest.xml:44:17-85
107-->[androidx.profileinstaller:profileinstaller:1.3.0] AndroidManifest.xml:44:25-82
108            </intent-filter>
109            <intent-filter>
109-->[androidx.profileinstaller:profileinstaller:1.3.0] AndroidManifest.xml:46:13-48:29
110                <action android:name="androidx.profileinstaller.action.SAVE_PROFILE" />
110-->[androidx.profileinstaller:profileinstaller:1.3.0] AndroidManifest.xml:47:17-88
110-->[androidx.profileinstaller:profileinstaller:1.3.0] AndroidManifest.xml:47:25-85
111            </intent-filter>
112            <intent-filter>
112-->[androidx.profileinstaller:profileinstaller:1.3.0] AndroidManifest.xml:49:13-51:29
113                <action android:name="androidx.profileinstaller.action.BENCHMARK_OPERATION" />
113-->[androidx.profileinstaller:profileinstaller:1.3.0] AndroidManifest.xml:50:17-95
113-->[androidx.profileinstaller:profileinstaller:1.3.0] AndroidManifest.xml:50:25-92
114            </intent-filter>
115        </receiver>
116    </application>
117
118</manifest>